<?xml version="1.0" encoding="utf-8"?><testsuites><testsuite name="pytest" errors="0" failures="0" skipped="0" tests="5" time="44.189" timestamp="2024-10-28T17:30:42.875664+05:30" hostname="CCLNiranjan"><testcase classname="tests.test_login" name="test_valid_login" time="4.186" /><testcase classname="tests.test_login" name="test_invalid_login" time="1.201" /><testcase classname="tests.test_login" name="test_empty_email" time="10.704" /><testcase classname="tests.test_login" name="test_empty_password" time="10.871" /><testcase classname="tests.test_login" name="test_empty_email_password" time="13.091" /></testsuite></testsuites>